<html>
<body>
<pre>
<h1>µVision Build Log</h1>
<h2>Tool Versions:</h2>
IDE-Version: µVision V5.38.0.0
Copyright (C) 2022 ARM Ltd and ARM Germany GmbH. All rights reserved.
License Information: first last, company, LIC=585FJ-UJ6SZ-12ALE-5Q70M-SF48J-MMI66
 
Tool Versions:
Toolchain:       MDK-ARM Plus  Version: 5.38.0.0
Toolchain Path:  D:\Tools\Keil\ARM\ARMCLANG\Bin
C Compiler:      ArmClang.exe V6.19
Assembler:       Armasm.exe V6.19
Linker/Locator:  ArmLink.exe V6.19
Library Manager: ArmAr.exe V6.19
Hex Converter:   FromElf.exe V6.19
CPU DLL:         SARMCM3.DLL V5.38.0.0
Dialog DLL:      DCM.DLL V1.17.5.0
Target DLL:      STLink\ST-LINKIII-KEIL_SWO.dll V3.1.0.0
Dialog DLL:      TCM.DLL V1.56.4.0
 
<h2>Project:</h2>
G:\Downloads\STM32H747XIH6-CD\Code\HSEM_CoreNotification\MDK-ARM\Project.uvprojx
Project File Date:  12/20/2023

<h2>Output:</h2>
*** Using Compiler 'V6.19', folder: 'D:\Tools\Keil\ARM\ARMCLANG\Bin'
Build target 'STM32H747I_EVAL_CM4'
assembling startup_stm32h747xx.s...
../CM4/Src/main.c(77): error: use of undeclared identifier 'LED3'; did you mean 'LED1'?
  BSP_LED_Init(LED3);  
               ^~~~
               LED1
../../Drivers/BSP/STM32H747I_EVAL\stm32h747i_eval.h(52): note: 'LED1' declared here
LED1 = 0,
^
../CM4/Src/main.c(78): error: use of undeclared identifier 'LED3'; did you mean 'LED1'?
  BSP_LED_On(LED3);  
             ^~~~
             LED1
../../Drivers/BSP/STM32H747I_EVAL\stm32h747i_eval.h(52): note: 'LED1' declared here
LED1 = 0,
^
../CM4/Src/main.c(90): error: use of undeclared identifier 'LED3'; did you mean 'LED1'?
    BSP_LED_Toggle(LED3);         
                   ^~~~
                   LED1
../../Drivers/BSP/STM32H747I_EVAL\stm32h747i_eval.h(52): note: 'LED1' declared here
LED1 = 0,
^
3 errors generated.
compiling main.c...
compiling stm32h7xx_it.c...
compiling system_stm32h7xx.c...
compiling stm32h7xx_hal_i2c_ex.c...
compiling stm32h7xx_hal_cortex.c...
compiling stm32h7xx_hal_hsem.c...
compiling stm32h7xx_hal_dma_ex.c...
compiling stm32h7xx_hal_pwr.c...
compiling stm32h7xx_hal.c...
compiling stm32h7xx_hal_rcc.c...
compiling stm32h7xx_hal_adc_ex.c...
compiling stm32h7xx_hal_dma.c...
compiling stm32h7xx_hal_adc.c...
compiling stm32h7xx_hal_gpio.c...
compiling stm32h7xx_hal_rcc_ex.c...
compiling stm32h7xx_hal_pwr_ex.c...
compiling stm32h7xx_hal_i2c.c...
compiling stm32h7xx_hal_uart_ex.c...
compiling stm32h747i_eval.c...
compiling stm32h7xx_hal_uart.c...
".\STM32H747I_EVAL_CM4\Project.axf" - 3 Error(s), 0 Warning(s).

<h2>Software Packages used:</h2>

Package Vendor: ARM
                http://www.keil.com/pack/ARM.CMSIS.5.9.0.pack
                ARM.CMSIS.5.9.0
                CMSIS (Common Microcontroller Software Interface Standard)
   * Component: CORE Version: 5.6.0

Package Vendor: Keil
                https://www.keil.com/pack/Keil.STM32H7xx_DFP.3.1.1.pack
                Keil.STM32H7xx_DFP.3.1.1
                STMicroelectronics STM32H7 Series Device Support and Examples

<h2>Collection of Component include folders:</h2>
  ./RTE/_STM32H747I_EVAL_CM4
  D:/Tools/Keil/Packs/ARM/CMSIS/5.9.0/CMSIS/Core/Include
  D:/Tools/Keil/Packs/Keil/STM32H7xx_DFP/3.1.1/Drivers/CMSIS/Device/ST/STM32H7xx/Include

<h2>Collection of Component Files used:</h2>

   * Component: ARM::CMSIS:CORE:5.6.0
Target not created.
Build Time Elapsed:  00:00:03
</pre>
</body>
</html>
